# JRE version: Java(TM) SE Runtime Environment (20.0.2+9) (build 20.0.2+9-78)
# Java VM: Java HotSpot(TM) 64-Bit Server VM (20.0.2+9-78, mixed mode, sharing, tiered, compressed oops, compressed class ptrs, g1 gc, windows-amd64)
GC Precious Log:
 CardTable entry size: 512
 Card Set container configuration: InlinePtr #cards 5 size 8 Array Of Cards #cards 12 size 40 Howl #buckets 4 coarsen threshold 1843 Howl Bitmap #cards 512 size 80 coarsen threshold 460 Card regions per heap region 1 cards per card region 2048
 CPUs: 8 total, 8 available
 Memory: 7103M
 Large Page Support: Disabled
 NUMA Support: Disabled
 Compressed Oops: Enabled (32-bit)
 Heap Region Size: 1M
 Heap Min Capacity: 8M
 Heap Initial Capacity: 112M
 Heap Max Capacity: 1776M
 Pre-touch: Disabled
 Parallel Workers: 8
 Concurrent Workers: 2
 Concurrent Refinement Workers: 8
 Periodic GC: Disabled
Heap:
 garbage-first heap   total 51200K, used 27154K [0x0000000091000000, 0x0000000100000000)
  region size 1024K, 23 young (23552K), 8 survivors (8192K)
 Metaspace       used 25834K, committed 26240K, reserved 1114112K
  class space    used 3641K, committed 3840K, reserved 1048576K
GC Heap History (6 events):
Event: 0.685 GC heap before
{Heap before GC invocations=0 (full 0):
 garbage-first heap   total 114688K, used 22528K [0x0000000091000000, 0x0000000100000000)
  region size 1024K, 23 young (23552K), 0 survivors (0K)
 Metaspace       used 5929K, committed 6208K, reserved 1114112K
  class space    used 707K, committed 832K, reserved 1048576K
}
Event: 0.689 GC heap after
{Heap after GC invocations=1 (full 0):
 garbage-first heap   total 114688K, used 3025K [0x0000000091000000, 0x0000000100000000)
  region size 1024K, 3 young (3072K), 3 survivors (3072K)
 Metaspace       used 5929K, committed 6208K, reserved 1114112K
  class space    used 707K, committed 832K, reserved 1048576K
}
Event: 3.566 GC heap before
{Heap before GC invocations=1 (full 0):
 garbage-first heap   total 114688K, used 37841K [0x0000000091000000, 0x0000000100000000)
  region size 1024K, 36 young (36864K), 3 survivors (3072K)
 Metaspace       used 14679K, committed 14976K, reserved 1114112K
  class space    used 2269K, committed 2432K, reserved 1048576K
}
Event: 3.572 GC heap after
{Heap after GC invocations=2 (full 0):
 garbage-first heap   total 114688K, used 9442K [0x0000000091000000, 0x0000000100000000)
  region size 1024K, 4 young (4096K), 4 survivors (4096K)
 Metaspace       used 14679K, committed 14976K, reserved 1114112K
  class space    used 2269K, committed 2432K, reserved 1048576K
}
Event: 4.958 GC heap before
{Heap before GC invocations=2 (full 0):
 garbage-first heap   total 114688K, used 28898K [0x0000000091000000, 0x0000000100000000)
  region size 1024K, 24 young (24576K), 4 survivors (4096K)
 Metaspace       used 21239K, committed 21504K, reserved 1114112K
  class space    used 3087K, committed 3200K, reserved 1048576K
}
Event: 4.963 GC heap after
{Heap after GC invocations=3 (full 0):
 garbage-first heap   total 114688K, used 12818K [0x0000000091000000, 0x0000000100000000)
  region size 1024K, 8 young (8192K), 8 survivors (8192K)
 Metaspace       used 21239K, committed 21504K, reserved 1114112K
  class space    used 3087K, committed 3200K, reserved 1048576K
}

